=========================
Fcitx 5.1.9 -- Get Signal No.: 6
Date: try "date -d @1716404173" if you are using GNU date ***
ProcessID: 1979
/usr/bin/fcitx5(+0xe26c)[0x61cb77c0326c]
/usr/lib/libc.so.6(+0x3cae0)[0x793b4c650ae0]
/usr/lib/libc.so.6(+0x94e44)[0x793b4c6a8e44]
/usr/lib/libc.so.6(gsignal+0x20)[0x793b4c650a30]
/usr/lib/libc.so.6(abort+0xdf)[0x793b4c6384c3]
/usr/lib/libstdc++.so.6(_ZNSt6chrono3_V212system_clock3nowEv+0x0)[0x793b4c8d2d60]
/usr/lib/fcitx5/libwaylandim.so(+0x25029)[0x793b4b058029]
/usr/lib/fcitx5/libwaylandim.so(+0x3302f)[0x793b4b06602f]
/usr/lib/libffi.so.8(+0x7596)[0x793b4ca91596]
/usr/lib/libffi.so.8(+0x400e)[0x793b4ca8e00e]
/usr/lib/libffi.so.8(ffi_call+0x123)[0x793b4ca90bd3]
/usr/lib/libwayland-client.so.0(+0x7645)[0x793b4c302645]
/usr/lib/libwayland-client.so.0(+0x7e73)[0x793b4c302e73]
/usr/lib/libwayland-client.so.0(wl_display_dispatch_queue_pending+0x7c)[0x793b4c30313c]
/usr/lib/fcitx5/libwayland.so(+0x1e5ca)[0x793b4bfe25ca]
/usr/lib/libFcitx5Utils.so.2(+0x382af)[0x793b4cd0d2af]
/usr/lib/libFcitx5Utils.so.2(+0x2fc11)[0x793b4cd04c11]
/usr/lib/libsystemd.so.0(+0x8459a)[0x793b4cbae59a]
/usr/lib/libsystemd.so.0(sd_event_dispatch+0x13b)[0x793b4cbae90b]
/usr/lib/libsystemd.so.0(sd_event_run+0x119)[0x793b4cbb0f29]
/usr/lib/libsystemd.so.0(sd_event_loop+0x68)[0x793b4cbb1108]
/usr/lib/libFcitx5Utils.so.2(_ZN5fcitx9EventLoop4execEv+0x16)[0x793b4cd03166]
/usr/lib/libFcitx5Core.so.7(_ZN5fcitx8Instance4execEv+0x5c)[0x793b4cdd958c]
/usr/bin/fcitx5(+0xc660)[0x61cb77c01660]
/usr/lib/libc.so.6(+0x25c88)[0x793b4c639c88]
/usr/lib/libc.so.6(__libc_start_main+0x8c)[0x793b4c639d4c]
/usr/bin/fcitx5(+0xdaf5)[0x61cb77c02af5]
